<?xml version="1.0" encoding="UTF-8"?>
<!-- Generated by org.testng.reporters.JUnitReportReporter -->
<testsuite hostname="DESKTOP-72BROTF" failures="0" tests="1" name="TESTPACK.add_modules" time="10.041" errors="0" timestamp="2024-03-08T15:33:05 IST" skipped="0">
  <testcase classname="TESTPACK.add_modules" name="deptest" time="10.041"/>
  <system-out/>
</testsuite> <!-- TESTPACK.add_modules -->
